-------------------- Log Start | Tue Nov 28 17:40:51 2023 --------------------
data_path: /usr/data/printer_data
is_default_data_path: False
config_file: /usr/data/printer_data/config/moonraker.conf
startup_warnings: []
verbose: False
debug: False
asyncio_debug: False
is_backup_config: False
is_python_package: False
instance_uuid: 9555fd29a18943ac8da3d729e0821015
unix_socket_path: /usr/data/printer_data/comms/moonraker.sock
software_version: v0.8.0-204-gfb15b2a
git_branch: master
git_remote: origin
git_repo_url: https://github.com/Arksine/moonraker.git
modified_files: []
unofficial_components: []
log_file: /usr/data/printer_data/logs/moonraker.log
python_version: 3.8.2 (default, Sep 18 2023, 20:57:11)  [GCC 7.2.0]
msgspec_enabled: False
uvloop_enabled: False

#################### Moonraker Configuration ####################

[server]
host = 0.0.0.0
port = 7125
klippy_uds_address = /tmp/klippy_uds
max_upload_size = 1024

[file_manager]
queue_gcode_uploads = False
enable_object_processing = False

[database]

[data_store]
temperature_store_size = 600
gcode_store_size = 1000

[machine]
provider = none
validate_service = False
validate_config = False

[authorization]
force_logins = False
cors_domains = 
	*.local
	*.lan
	*://app.fluidd.xyz
trusted_clients = 
	10.0.0.0/8
	127.0.0.0/8
	169.254.0.0/16
	172.16.0.0/12
	192.168.0.0/16
	FE80::/10
	::1/128

[octoprint_compat]

[history]

[update_manager]
enable_auto_refresh = True
refresh_interval = 24
enable_system_updates = False

#################################################################
All Configuration Files:
/usr/data/printer_data/config/moonraker.conf
#################################################################
Unsafe Shutdown Count: 7
2020-03-01 20:00:23,583 [app.py:register_local_handler()] - Registering HTTP Endpoint: (GET POST DELETE) /server/files/directory
2020-03-01 20:00:23,600 [websockets.py:register_api_handler()] - Registering Websocket JSON-RPC methods: server.files.get_directory, server.files.post_directory, server.files.delete_directory
2020-03-01 20:00:23,604 [app.py:register_local_handler()] - Registering HTTP Endpoint: (POST) /server/files/move
2023-11-29 01:40:51,673 [websockets.py:register_api_handler()] - Registering Websocket JSON-RPC methods: server.files.move
2023-11-29 01:40:51,673 [app.py:register_local_handler()] - Registering HTTP Endpoint: (POST) /server/files/copy
2023-11-29 01:40:51,684 [websockets.py:register_api_handler()] - Registering Websocket JSON-RPC methods: server.files.copy
2023-11-29 01:40:51,685 [app.py:register_local_handler()] - Registering HTTP Endpoint: (POST) /server/files/zip
2023-11-29 01:40:51,698 [websockets.py:register_api_handler()] - Registering Websocket JSON-RPC methods: server.files.zip
2023-11-29 01:40:51,700 [websockets.py:register_api_handler()] - Registering Websocket JSON-RPC methods: server.files.delete_file
2023-11-29 01:40:51,791 [server.py:load_component()] - Component (file_manager) loaded
2023-11-29 01:40:51,811 [app.py:register_local_handler()] - Registering HTTP Endpoint: (POST) /printer/print/pause
2023-11-29 01:40:51,817 [websockets.py:register_api_handler()] - Registering Websocket JSON-RPC methods: printer.print.pause
2023-11-29 01:40:51,821 [app.py:register_local_handler()] - Registering HTTP Endpoint: (POST) /printer/print/resume
2023-11-29 01:40:51,823 [websockets.py:register_api_handler()] - Registering Websocket JSON-RPC methods: printer.print.resume
2023-11-29 01:40:51,824 [app.py:register_local_handler()] - Registering HTTP Endpoint: (POST) /printer/print/cancel
2023-11-29 01:40:51,828 [websockets.py:register_api_handler()] - Registering Websocket JSON-RPC methods: printer.print.cancel
2023-11-29 01:40:51,828 [app.py:register_local_handler()] - Registering HTTP Endpoint: (POST) /printer/print/start
2023-11-29 01:40:51,831 [websockets.py:register_api_handler()] - Registering Websocket JSON-RPC methods: printer.print.start
2023-11-29 01:40:51,832 [app.py:register_local_handler()] - Registering HTTP Endpoint: (POST) /printer/restart
2023-11-29 01:40:51,837 [websockets.py:register_api_handler()] - Registering Websocket JSON-RPC methods: printer.restart
2023-11-29 01:40:51,838 [app.py:register_local_handler()] - Registering HTTP Endpoint: (POST) /printer/firmware_restart
2023-11-29 01:40:51,858 [websockets.py:register_api_handler()] - Registering Websocket JSON-RPC methods: printer.firmware_restart
2023-11-29 01:40:51,868 [server.py:load_component()] - Component (klippy_apis) loaded
2023-11-29 01:40:52,022 [server.py:load_component()] - Component (secrets) loaded
2023-11-29 01:40:52,078 [server.py:load_component()] - Component (template) loaded
2023-11-29 01:40:52,126 [server.py:add_log_rollover_item()] - 
System Info:

***python***
  version: (3, 8, 2, 'final', 0)
  version_string: 3.8.2 (default, Sep 18 2023, 20:57:11)  [GCC 7.2.0]

***cpu_info***
  cpu_count: 2
  bits: 32bit
  processor: mips
  cpu_desc: 
  serial_number: 
  hardware_desc: 
  model: 
  total_memory: 201760
  memory_units: kB

***sd_info***
  manufacturer_id: 45
  manufacturer: Unknown
  oem_id: 0100
  product_name: DG400
  product_revision: 3.8
  serial_number: 0115f0cf
  manufacturer_date: 10/2167
  capacity: Unknown
  total_bytes: 0

***distribution***
  name: Buildroot 2020.02.1
  id: buildroot
  version: 2020.02.1
  version_parts: {'major': '2020', 'minor': '02', 'build_number': '1'}
  like: 
  codename: 
  release_info: {}

***virtualization***
  virt_type: none
  virt_identifier: none

***network***

***canbus***

***Allowed Services***
  klipper_mcu
  webcamd
  MoonCord
  KlipperScreen
  moonraker-telegram-bot
  moonraker-obico
  sonar
  crowsnest
  octoeverywhere
  ratos-configurator
2023-11-29 01:40:52,139 [server.py:load_component()] - Component (shell_command) loaded
2023-11-29 01:40:52,140 [machine.py:__init__()] - Using System Provider: none
2023-11-29 01:40:52,148 [app.py:register_local_handler()] - Registering HTTP Endpoint: (POST) /machine/reboot
2023-11-29 01:40:52,151 [websockets.py:register_api_handler()] - Registering Websocket JSON-RPC methods: machine.reboot
2023-11-29 01:40:52,152 [app.py:register_local_handler()] - Registering HTTP Endpoint: (POST) /machine/shutdown
2023-11-29 01:40:52,156 [websockets.py:register_api_handler()] - Registering Websocket JSON-RPC methods: machine.shutdown
2023-11-29 01:40:52,157 [app.py:register_local_handler()] - Registering HTTP Endpoint: (POST) /machine/services/restart
2023-11-29 01:40:52,162 [websockets.py:register_api_handler()] - Registering Websocket JSON-RPC methods: machine.services.restart
2023-11-29 01:40:52,163 [app.py:register_local_handler()] - Registering HTTP Endpoint: (POST) /machine/services/stop
2023-11-29 01:40:52,165 [websockets.py:register_api_handler()] - Registering Websocket JSON-RPC methods: machine.services.stop
2023-11-29 01:40:52,166 [app.py:register_local_handler()] - Registering HTTP Endpoint: (POST) /machine/services/start
2023-11-29 01:40:52,169 [websockets.py:register_api_handler()] - Registering Websocket JSON-RPC methods: machine.services.start
2023-11-29 01:40:52,170 [app.py:register_local_handler()] - Registering HTTP Endpoint: (GET) /machine/system_info
2023-11-29 01:40:52,176 [websockets.py:register_api_handler()] - Registering Websocket JSON-RPC methods: machine.system_info
2023-11-29 01:40:52,178 [app.py:register_local_handler()] - Registering HTTP Endpoint: (GET) /machine/sudo/info
2023-11-29 01:40:52,191 [websockets.py:register_api_handler()] - Registering Websocket JSON-RPC methods: machine.sudo.info
2023-11-29 01:40:52,193 [app.py:register_local_handler()] - Registering HTTP Endpoint: (POST) /machine/sudo/password
2023-11-29 01:40:52,200 [websockets.py:register_api_handler()] - Registering Websocket JSON-RPC methods: machine.sudo.password
2023-11-29 01:40:52,230 [server.py:load_component()] - Component (machine) loaded
2023-11-29 01:40:52,250 [app.py:register_local_handler()] - Registering HTTP Endpoint: (GET) /server/temperature_store
2023-11-29 01:40:52,253 [websockets.py:register_api_handler()] - Registering Websocket JSON-RPC methods: server.temperature_store
2023-11-29 01:40:52,254 [app.py:register_local_handler()] - Registering HTTP Endpoint: (GET) /server/gcode_store
2023-11-29 01:40:52,261 [websockets.py:register_api_handler()] - Registering Websocket JSON-RPC methods: server.gcode_store
2023-11-29 01:40:52,261 [server.py:load_component()] - Component (data_store) loaded
2023-11-29 01:40:52,283 [proc_stats.py:__init__()] - Unable to find 'vcgencmd', throttle checking disabled
2023-11-29 01:40:52,284 [app.py:register_local_handler()] - Registering HTTP Endpoint: (GET) /machine/proc_stats
2023-11-29 01:40:52,286 [websockets.py:register_api_handler()] - Registering Websocket JSON-RPC methods: machine.proc_stats
2023-11-29 01:40:52,287 [server.py:load_component()] - Component (proc_stats) loaded
2023-11-29 01:40:52,295 [server.py:load_component()] - Component (job_state) loaded
2023-11-29 01:40:52,320 [app.py:register_local_handler()] - Registering HTTP Endpoint: (POST DELETE) /server/job_queue/job
2023-11-29 01:40:52,323 [websockets.py:register_api_handler()] - Registering Websocket JSON-RPC methods: server.job_queue.post_job, server.job_queue.delete_job
2023-11-29 01:40:52,324 [app.py:register_local_handler()] - Registering HTTP Endpoint: (POST) /server/job_queue/pause
2023-11-29 01:40:52,330 [websockets.py:register_api_handler()] - Registering Websocket JSON-RPC methods: server.job_queue.pause
2023-11-29 01:40:52,331 [app.py:register_local_handler()] - Registering HTTP Endpoint: (POST) /server/job_queue/start
2023-11-29 01:40:52,334 [websockets.py:register_api_handler()] - Registering Websocket JSON-RPC methods: server.job_queue.start
2023-11-29 01:40:52,336 [app.py:register_local_handler()] - Registering HTTP Endpoint: (GET) /server/job_queue/status
2023-11-29 01:40:52,339 [websockets.py:register_api_handler()] - Registering Websocket JSON-RPC methods: server.job_queue.status
2023-11-29 01:40:52,340 [app.py:register_local_handler()] - Registering HTTP Endpoint: (POST) /server/job_queue/jump
2023-11-29 01:40:52,346 [websockets.py:register_api_handler()] - Registering Websocket JSON-RPC methods: server.job_queue.jump
2023-11-29 01:40:52,346 [server.py:load_component()] - Component (job_queue) loaded
2023-11-29 01:40:52,403 [server.py:load_component()] - Component (http_client) loaded
2023-11-29 01:40:52,417 [app.py:register_local_handler()] - Registering HTTP Endpoint: (GET) /server/announcements/list
2023-11-29 01:40:52,420 [websockets.py:register_api_handler()] - Registering Websocket JSON-RPC methods: server.announcements.list
2023-11-29 01:40:52,420 [app.py:register_local_handler()] - Registering HTTP Endpoint: (POST) /server/announcements/dismiss
2023-11-29 01:40:52,424 [websockets.py:register_api_handler()] - Registering Websocket JSON-RPC methods: server.announcements.dismiss
2023-11-29 01:40:52,425 [app.py:register_local_handler()] - Registering HTTP Endpoint: (POST) /server/announcements/update
2023-11-29 01:40:52,428 [websockets.py:register_api_handler()] - Registering Websocket JSON-RPC methods: server.announcements.update
2023-11-29 01:40:52,428 [app.py:register_local_handler()] - Registering HTTP Endpoint: (POST DELETE) /server/announcements/feed
2023-11-29 01:40:52,432 [websockets.py:register_api_handler()] - Registering Websocket JSON-RPC methods: server.announcements.post_feed, server.announcements.delete_feed
2023-11-29 01:40:52,433 [app.py:register_local_handler()] - Registering HTTP Endpoint: (GET) /server/announcements/feeds
2023-11-29 01:40:52,440 [websockets.py:register_api_handler()] - Registering Websocket JSON-RPC methods: server.announcements.feeds
2023-11-29 01:40:52,441 [server.py:load_component()] - Component (announcements) loaded
2023-11-29 01:40:52,469 [app.py:register_local_handler()] - Registering HTTP Endpoint: (GET) /server/webcams/list
2023-11-29 01:40:52,474 [websockets.py:register_api_handler()] - Registering Websocket JSON-RPC methods: server.webcams.list
2023-11-29 01:40:52,475 [app.py:register_local_handler()] - Registering HTTP Endpoint: (GET POST DELETE) /server/webcams/item
2023-11-29 01:40:52,478 [websockets.py:register_api_handler()] - Registering Websocket JSON-RPC methods: server.webcams.get_item, server.webcams.post_item, server.webcams.delete_item
2023-11-29 01:40:52,482 [app.py:register_local_handler()] - Registering HTTP Endpoint: (POST) /server/webcams/test
2023-11-29 01:40:52,485 [websockets.py:register_api_handler()] - Registering Websocket JSON-RPC methods: server.webcams.test
2023-11-29 01:40:52,485 [server.py:load_component()] - Component (webcam) loaded
2023-11-29 01:40:52,496 [websockets.py:register_api_handler()] - Registering Websocket JSON-RPC methods: connection.register_remote_method
2023-11-29 01:40:52,497 [websockets.py:register_api_handler()] - Registering Websocket JSON-RPC methods: connection.send_event
2023-11-29 01:40:52,497 [app.py:register_local_handler()] - Registering HTTP Endpoint: (GET) /server/extensions/list
2023-11-29 01:40:52,502 [websockets.py:register_api_handler()] - Registering Websocket JSON-RPC methods: server.extensions.list
2023-11-29 01:40:52,504 [app.py:register_local_handler()] - Registering HTTP Endpoint: (POST) /server/extensions/request
2023-11-29 01:40:52,521 [websockets.py:register_api_handler()] - Registering Websocket JSON-RPC methods: server.extensions.request
2023-11-29 01:40:52,521 [server.py:load_component()] - Component (extensions) loaded
2023-11-29 01:40:52,537 [app.py:register_local_handler()] - Registering HTTP Endpoint: (GET) /api/version
2023-11-29 01:40:52,541 [app.py:register_local_handler()] - Registering HTTP Endpoint: (GET) /api/server
2023-11-29 01:40:52,544 [app.py:register_local_handler()] - Registering HTTP Endpoint: (POST) /api/login
2023-11-29 01:40:52,549 [app.py:register_local_handler()] - Registering HTTP Endpoint: (GET) /api/currentuser
2023-11-29 01:40:52,551 [app.py:register_local_handler()] - Registering HTTP Endpoint: (GET) /api/settings
2023-11-29 01:40:52,555 [app.py:register_local_handler()] - Registering HTTP Endpoint: (GET) /api/job
2023-11-29 01:40:52,557 [app.py:register_local_handler()] - Registering HTTP Endpoint: (GET) /api/printer
2023-11-29 01:40:52,559 [app.py:register_local_handler()] - Registering HTTP Endpoint: (POST) /api/printer/command
2023-11-29 01:40:52,563 [app.py:register_local_handler()] - Registering HTTP Endpoint: (GET) /api/printerprofiles
2023-11-29 01:40:52,571 [app.py:register_local_handler()] - Registering HTTP Endpoint: (POST) /api/files/moonraker/(?P<relative_path>.+)
2023-11-29 01:40:52,585 [server.py:load_component()] - Component (octoprint_compat) loaded
2023-11-29 01:40:52,685 [authorization.py:__init__()] - Authorization Configuration Loaded
Trusted Clients:
10.0.0.0/8
127.0.0.0/8
169.254.0.0/16
172.16.0.0/12
192.168.0.0/16
fe80::/10
::1/128
CORS Domains:
.*\.local
.*\.lan
.*://app\.fluidd\.xyz
2023-11-29 01:40:52,686 [app.py:register_local_handler()] - Registering HTTP Endpoint: (POST) /access/login
2023-11-29 01:40:52,688 [websockets.py:register_api_handler()] - Registering Websocket JSON-RPC methods: access.login
2023-11-29 01:40:52,689 [app.py:register_local_handler()] - Registering HTTP Endpoint: (POST) /access/logout
2023-11-29 01:40:52,693 [websockets.py:register_api_handler()] - Registering Websocket JSON-RPC methods: access.logout
2023-11-29 01:40:52,693 [app.py:register_local_handler()] - Registering HTTP Endpoint: (POST) /access/refresh_jwt
2023-11-29 01:40:52,695 [websockets.py:register_api_handler()] - Registering Websocket JSON-RPC methods: access.refresh_jwt
2023-11-29 01:40:52,696 [app.py:register_local_handler()] - Registering HTTP Endpoint: (GET POST DELETE) /access/user
2023-11-29 01:40:52,699 [websockets.py:register_api_handler()] - Registering Websocket JSON-RPC methods: access.get_user, access.post_user, access.delete_user
2023-11-29 01:40:52,700 [app.py:register_local_handler()] - Registering HTTP Endpoint: (GET) /access/users/list
2023-11-29 01:40:52,704 [websockets.py:register_api_handler()] - Registering Websocket JSON-RPC methods: access.users.list
2023-11-29 01:40:52,707 [app.py:register_local_handler()] - Registering HTTP Endpoint: (POST) /access/user/password
2023-11-29 01:40:52,710 [websockets.py:register_api_handler()] - Registering Websocket JSON-RPC methods: access.user.password
2023-11-29 01:40:52,722 [app.py:register_local_handler()] - Registering HTTP Endpoint: (GET POST) /access/api_key
2023-11-29 01:40:52,724 [websockets.py:register_api_handler()] - Registering Websocket JSON-RPC methods: access.get_api_key, access.post_api_key
2023-11-29 01:40:52,725 [app.py:register_local_handler()] - Registering HTTP Endpoint: (GET) /access/oneshot_token
2023-11-29 01:40:52,730 [websockets.py:register_api_handler()] - Registering Websocket JSON-RPC methods: access.oneshot_token
2023-11-29 01:40:52,731 [app.py:register_local_handler()] - Registering HTTP Endpoint: (GET) /access/info
2023-11-29 01:40:52,733 [websockets.py:register_api_handler()] - Registering Websocket JSON-RPC methods: access.info
2023-11-29 01:40:52,734 [server.py:load_component()] - Component (authorization) loaded
2023-11-29 01:40:52,751 [app.py:register_local_handler()] - Registering HTTP Endpoint: (GET DELETE) /server/history/job
2023-11-29 01:40:52,753 [websockets.py:register_api_handler()] - Registering Websocket JSON-RPC methods: server.history.get_job, server.history.delete_job
2023-11-29 01:40:52,754 [app.py:register_local_handler()] - Registering HTTP Endpoint: (GET) /server/history/list
2023-11-29 01:40:52,759 [websockets.py:register_api_handler()] - Registering Websocket JSON-RPC methods: server.history.list
2023-11-29 01:40:52,761 [app.py:register_local_handler()] - Registering HTTP Endpoint: (GET) /server/history/totals
2023-11-29 01:40:52,769 [websockets.py:register_api_handler()] - Registering Websocket JSON-RPC methods: server.history.totals
2023-11-29 01:40:52,770 [app.py:register_local_handler()] - Registering HTTP Endpoint: (POST) /server/history/reset_totals
2023-11-29 01:40:52,788 [websockets.py:register_api_handler()] - Registering Websocket JSON-RPC methods: server.history.reset_totals
2023-11-29 01:40:52,792 [server.py:load_component()] - Component (history) loaded
2023-11-29 01:40:53,157 [base_deploy.py:log_info()] - Git Repo moonraker: Detected virtualenv: /usr/data/moonraker/moonraker-env
2023-11-29 01:40:53,171 [app.py:register_local_handler()] - Registering HTTP Endpoint: (POST) /machine/update/moonraker
2023-11-29 01:40:53,185 [websockets.py:register_api_handler()] - Registering Websocket JSON-RPC methods: machine.update.moonraker
2023-11-29 01:40:53,186 [app.py:register_local_handler()] - Registering HTTP Endpoint: (POST) /machine/update/klipper
2023-11-29 01:40:53,189 [websockets.py:register_api_handler()] - Registering Websocket JSON-RPC methods: machine.update.klipper
2023-11-29 01:40:53,190 [app.py:register_local_handler()] - Registering HTTP Endpoint: (POST) /machine/update/system
2023-11-29 01:40:53,195 [websockets.py:register_api_handler()] - Registering Websocket JSON-RPC methods: machine.update.system
2023-11-29 01:40:53,196 [app.py:register_local_handler()] - Registering HTTP Endpoint: (POST) /machine/update/client
2023-11-29 01:40:53,200 [websockets.py:register_api_handler()] - Registering Websocket JSON-RPC methods: machine.update.client
2023-11-29 01:40:53,201 [app.py:register_local_handler()] - Registering HTTP Endpoint: (POST) /machine/update/full
2023-11-29 01:40:53,204 [websockets.py:register_api_handler()] - Registering Websocket JSON-RPC methods: machine.update.full
2023-11-29 01:40:53,205 [app.py:register_local_handler()] - Registering HTTP Endpoint: (GET) /machine/update/status
2023-11-29 01:40:53,209 [websockets.py:register_api_handler()] - Registering Websocket JSON-RPC methods: machine.update.status
2023-11-29 01:40:53,209 [app.py:register_local_handler()] - Registering HTTP Endpoint: (POST) /machine/update/refresh
2023-11-29 01:40:53,213 [websockets.py:register_api_handler()] - Registering Websocket JSON-RPC methods: machine.update.refresh
2023-11-29 01:40:53,213 [app.py:register_local_handler()] - Registering HTTP Endpoint: (POST) /machine/update/recover
2023-11-29 01:40:53,218 [websockets.py:register_api_handler()] - Registering Websocket JSON-RPC methods: machine.update.recover
2023-11-29 01:40:53,218 [app.py:register_local_handler()] - Registering HTTP Endpoint: (POST) /machine/update/rollback
2023-11-29 01:40:53,221 [websockets.py:register_api_handler()] - Registering Websocket JSON-RPC methods: machine.update.rollback
2023-11-29 01:40:53,221 [server.py:load_component()] - Component (update_manager) loaded
2023-11-29 01:40:53,324 [server.py:_initialize_component()] - Performing Component Post Init: [dbus_manager]
2023-11-29 01:40:53,363 [dbus_manager.py:component_init()] - Failed to get PolKit interface: The name org.freedesktop.PolicyKit1 was not provided by any .service files
2023-11-29 01:40:53,364 [server.py:_initialize_component()] - Performing Component Post Init: [file_manager]
2023-11-29 01:40:53,441 [server.py:_initialize_component()] - Performing Component Post Init: [machine]
2023-11-29 01:40:53,449 [machine.py:validation_init()] - Installation version in database up to date
2023-11-29 01:40:53,499 [machine.py:_find_public_ip()] - Detected Local IP: 192.168.0.103
2023-11-29 01:40:53,506 [server.py:_initialize_component()] - Performing Component Post Init: [proc_stats]
2023-11-29 01:40:53,509 [server.py:_initialize_component()] - Performing Component Post Init: [announcements]
2023-11-29 01:40:53,523 [server.py:_initialize_component()] - Performing Component Post Init: [webcam]
2023-11-29 01:40:53,525 [webcam.py:_set_default_host_ip()] - Default public webcam address set: http://192.168.0.103
2023-11-29 01:40:53,534 [webcam.py:_set_default_host_ip()] - Default public webcam address set: http://192.168.0.103
2023-11-29 01:40:53,535 [server.py:_initialize_component()] - Performing Component Post Init: [klippy_connection]
2023-11-29 01:40:53,538 [server.py:_initialize_component()] - Performing Component Post Init: [authorization]
2023-11-29 01:40:53,539 [server.py:_initialize_component()] - Performing Component Post Init: [update_manager]
2023-11-29 01:40:53,725 [extensions.py:start_unix_server()] - Creating Unix Domain Socket at '/usr/data/printer_data/comms/moonraker.sock'
2023-11-29 01:40:53,732 [server.py:start_server()] - Starting Moonraker on (0.0.0.0, 7125), Hostname: K1Max-96D0
2023-11-29 01:40:53,738 [app.py:listen()] - SSL Certificate/Key not configured, aborting HTTPS Server startup
2023-11-29 01:40:53,780 [shell_command.py:_check_proc_success()] - Command (git -C /usr/data/moonraker/moonraker status --porcelain -b) successfully finished
2023-11-29 01:40:53,914 [shell_command.py:_check_proc_success()] - Command (git -C /usr/data/moonraker/moonraker branch --list --no-color) successfully finished
2023-11-29 01:40:54,024 [klippy_connection.py:_do_connect()] - Klippy Connection Established
2023-11-29 01:40:54,050 [shell_command.py:_check_proc_success()] - Command (git -C /usr/data/moonraker/moonraker remote get-url origin) successfully finished
2023-11-29 01:40:54,674 [server.py:add_log_rollover_item()] - Klipper Version: 09faed31-dirty
2023-11-29 01:40:54,760 [app.py:register_remote_handler()] - Registering HTTP endpoint: (GET POST) /printer/info
2023-11-29 01:40:54,763 [websockets.py:register_api_handler()] - Registering Websocket JSON-RPC methods: printer.info
2023-11-29 01:40:54,764 [app.py:register_remote_handler()] - Registering HTTP endpoint: (GET POST) /printer/emergency_stop
2023-11-29 01:40:54,772 [websockets.py:register_api_handler()] - Registering Websocket JSON-RPC methods: printer.emergency_stop
2023-11-29 01:40:54,775 [app.py:register_remote_handler()] - Registering HTTP endpoint: (GET POST) /printer/gcode/help
2023-11-29 01:40:54,781 [websockets.py:register_api_handler()] - Registering Websocket JSON-RPC methods: printer.gcode.help
2023-11-29 01:40:54,784 [app.py:register_remote_handler()] - Registering HTTP endpoint: (GET POST) /printer/gcode/script
2023-11-29 01:40:54,794 [websockets.py:register_api_handler()] - Registering Websocket JSON-RPC methods: printer.gcode.script
2023-11-29 01:40:54,795 [app.py:register_remote_handler()] - Registering HTTP endpoint: (GET POST) /printer/gcode/restart
2023-11-29 01:40:54,811 [websockets.py:register_api_handler()] - Registering Websocket JSON-RPC methods: printer.gcode.restart
2023-11-29 01:40:54,838 [app.py:register_remote_handler()] - Registering HTTP endpoint: (GET POST) /printer/gcode/firmware_restart
2023-11-29 01:40:54,855 [websockets.py:register_api_handler()] - Registering Websocket JSON-RPC methods: printer.gcode.firmware_restart
2023-11-29 01:40:54,856 [app.py:register_remote_handler()] - Registering HTTP endpoint: (GET POST) /printer/objects/list
2023-11-29 01:40:54,862 [websockets.py:register_api_handler()] - Registering Websocket JSON-RPC methods: printer.objects.list
2023-11-29 01:40:54,863 [app.py:register_remote_handler()] - Registering HTTP endpoint: (GET POST) /printer/objects/query
2023-11-29 01:40:54,874 [websockets.py:register_api_handler()] - Registering Websocket JSON-RPC methods: printer.objects.query
2023-11-29 01:40:54,875 [app.py:register_remote_handler()] - Registering HTTP endpoint: (GET POST) /printer/objects/subscribe
2023-11-29 01:40:54,888 [websockets.py:register_api_handler()] - Registering Websocket JSON-RPC methods: printer.objects.subscribe
2023-11-29 01:40:54,893 [app.py:register_remote_handler()] - Registering HTTP endpoint: (GET POST) /printer/get_cx_fan_status
2023-11-29 01:40:54,918 [websockets.py:register_api_handler()] - Registering Websocket JSON-RPC methods: printer.get_cx_fan_status
2023-11-29 01:40:54,927 [app.py:register_remote_handler()] - Registering HTTP endpoint: (GET POST) /printer/breakheater
2023-11-29 01:40:54,949 [websockets.py:register_api_handler()] - Registering Websocket JSON-RPC methods: printer.breakheater
2023-11-29 01:40:54,953 [app.py:register_remote_handler()] - Registering HTTP endpoint: (GET POST) /printer/pause_resume/cancel_continue_print
2023-11-29 01:40:54,966 [websockets.py:register_api_handler()] - Registering Websocket JSON-RPC methods: printer.pause_resume.cancel_continue_print
2023-11-29 01:40:54,973 [app.py:register_remote_handler()] - Registering HTTP endpoint: (GET POST) /printer/pause_resume/check_continue_print_state
2023-11-29 01:40:54,996 [websockets.py:register_api_handler()] - Registering Websocket JSON-RPC methods: printer.pause_resume.check_continue_print_state
2023-11-29 01:40:55,002 [app.py:register_remote_handler()] - Registering HTTP endpoint: (GET POST) /printer/pause_resume/set_print_first_layer
2023-11-29 01:40:55,020 [websockets.py:register_api_handler()] - Registering Websocket JSON-RPC methods: printer.pause_resume.set_print_first_layer
2023-11-29 01:40:55,020 [app.py:register_remote_handler()] - Registering HTTP endpoint: (GET POST) /printer/pause_resume/cancel
2023-11-29 01:40:55,032 [websockets.py:register_api_handler()] - Registering Websocket JSON-RPC methods: printer.pause_resume.cancel
2023-11-29 01:40:55,038 [app.py:register_remote_handler()] - Registering HTTP endpoint: (GET POST) /printer/pause_resume/pause
2023-11-29 01:40:55,056 [websockets.py:register_api_handler()] - Registering Websocket JSON-RPC methods: printer.pause_resume.pause
2023-11-29 01:40:55,067 [app.py:register_remote_handler()] - Registering HTTP endpoint: (GET POST) /printer/pause_resume/resume
2023-11-29 01:40:55,099 [websockets.py:register_api_handler()] - Registering Websocket JSON-RPC methods: printer.pause_resume.resume
2023-11-29 01:40:55,127 [app.py:register_remote_handler()] - Registering HTTP endpoint: (GET POST) /printer/getBootLoaderVersion
2023-11-29 01:40:55,151 [websockets.py:register_api_handler()] - Registering Websocket JSON-RPC methods: printer.getBootLoaderVersion
2023-11-29 01:40:55,154 [app.py:register_remote_handler()] - Registering HTTP endpoint: (GET POST) /printer/getAdxl345Status
2023-11-29 01:40:55,161 [websockets.py:register_api_handler()] - Registering Websocket JSON-RPC methods: printer.getAdxl345Status
2023-11-29 01:40:55,166 [app.py:register_remote_handler()] - Registering HTTP endpoint: (GET POST) /printer/adxl345/dump_adxl345
2023-11-29 01:40:55,194 [websockets.py:register_api_handler()] - Registering Websocket JSON-RPC methods: printer.adxl345.dump_adxl345
2023-11-29 01:40:55,195 [app.py:register_remote_handler()] - Registering HTTP endpoint: (GET POST) /printer/motion_report/dump_stepper
2023-11-29 01:40:55,204 [websockets.py:register_api_handler()] - Registering Websocket JSON-RPC methods: printer.motion_report.dump_stepper
2023-11-29 01:40:55,205 [app.py:register_remote_handler()] - Registering HTTP endpoint: (GET POST) /printer/query_endstops/status
2023-11-29 01:40:55,213 [websockets.py:register_api_handler()] - Registering Websocket JSON-RPC methods: printer.query_endstops.status
2023-11-29 01:40:56,702 [shell_command.py:_check_proc_success()] - Command (git -C /usr/data/moonraker/moonraker fetch origin --prune --progress) successfully finished
2023-11-29 01:40:56,747 [shell_command.py:_check_proc_success()] - Command (git -C /usr/data/moonraker/moonraker merge-base --is-ancestor HEAD origin/master) successfully finished
2023-11-29 01:40:56,803 [shell_command.py:_check_proc_success()] - Command (git -C /usr/data/moonraker/moonraker rev-parse HEAD) successfully finished
2023-11-29 01:40:56,890 [shell_command.py:_check_proc_success()] - Command (git -C /usr/data/moonraker/moonraker describe --always --tags --long --dirty --abbrev=8) successfully finished
2023-11-29 01:40:56,955 [shell_command.py:_check_proc_success()] - Command (git -C /usr/data/moonraker/moonraker rev-parse origin/master) successfully finished
2023-11-29 01:40:57,073 [shell_command.py:_check_proc_success()] - Command (git -C /usr/data/moonraker/moonraker describe origin/master --always --tags --long --abbrev=8) successfully finished
2023-11-29 01:40:57,132 [shell_command.py:_check_proc_success()] - Command (git -C /usr/data/moonraker/moonraker rev-list HEAD..fb15b2a3de1ac203a8bf2a700b08c649d23cd4a0 --count) successfully finished
2023-11-29 01:40:57,143 [git_deploy.py:log_repo_info()] - Git Repo moonraker Detected:
Owner: Arksine
Repository Name: moonraker
Path: /usr/data/moonraker/moonraker
Remote: origin
Branch: master
Remote URL: https://github.com/Arksine/moonraker.git
Recovery URL: https://github.com/Arksine/moonraker.git
Current Commit SHA: fb15b2a3de1ac203a8bf2a700b08c649d23cd4a0
Upstream Commit SHA: fb15b2a3de1ac203a8bf2a700b08c649d23cd4a0
Current Version: v0.8.0-204-gfb15b2a3
Upstream Version: v0.8.0-204-gfb15b2a3
Rollback Commit: fb15b2a3de1ac203a8bf2a700b08c649d23cd4a0
Rollback Branch: master
Rollback Version: v0.8.0-204-gfb15b2a3
Is Dirty: False
Is Detached: False
Is Shallow: False
Commits Behind Count: 0
Diverged: False
2023-11-29 01:40:57,144 [base_deploy.py:log_info()] - Git Repo moonraker: Channel: dev
2023-11-29 01:40:57,146 [base_deploy.py:log_info()] - Git Repo moonraker: Validity check for git repo passed
2023-11-29 01:40:59,729 [klippy_connection.py:_request_initial_subscriptions()] - Webhooks Subscribed
2023-11-29 01:40:59,738 [klippy_connection.py:_request_initial_subscriptions()] - GCode Output Subscribed
2023-11-29 01:40:59,747 [app.py:register_remote_handler()] - Registering HTTP endpoint: (GET POST) /printer/motion_report/dump_trapq
2023-11-29 01:40:59,754 [websockets.py:register_api_handler()] - Registering Websocket JSON-RPC methods: printer.motion_report.dump_trapq
2023-11-29 01:40:59,987 [job_state.py:_handle_started()] - Job state initialized: standby
2023-11-29 01:41:00,298 [klippy_connection.py:_check_ready()] - Klippy ready
2023-11-29 01:41:00,728 [data_store.py:_init_sensors()] - Configuring available sensors: ['temperature_sensor mcu_temp', 'temperature_sensor chamber_temp', 'heater_bed', 'extruder']
2023-11-29 02:08:56,284 [machine.py:_find_public_ip()] - Detected Local IP: 192.168.0.103
2023-11-29 02:09:26,333 [machine.py:_find_public_ip()] - Detected Local IP: 192.168.0.103
-------------------- Log Start | Sun Mar  1 12:00:21 2020 --------------------
data_path: /usr/data/printer_data
is_default_data_path: False
config_file: /usr/data/printer_data/config/moonraker.conf
startup_warnings: []
verbose: False
debug: False
asyncio_debug: False
is_backup_config: False
is_python_package: False
instance_uuid: 9555fd29a18943ac8da3d729e0821015
unix_socket_path: /usr/data/printer_data/comms/moonraker.sock
software_version: v0.8.0-204-gfb15b2a
git_branch: master
git_remote: origin
git_repo_url: https://github.com/Arksine/moonraker.git
modified_files: []
unofficial_components: []
log_file: /usr/data/printer_data/logs/moonraker.log
python_version: 3.8.2 (default, Sep 18 2023, 20:57:11)  [GCC 7.2.0]
msgspec_enabled: False
uvloop_enabled: False
2020-03-01 20:00:22,004 [confighelper.py:read_file()] - Configuration File '/usr/data/printer_data/config/moonraker.conf' parsed, total size: 1559 B
2020-03-01 20:00:22,007 [server.py:add_log_rollover_item()] - 
#################### Moonraker Configuration ####################

[server]
host = 0.0.0.0
port = 7125
klippy_uds_address = /tmp/klippy_uds
max_upload_size = 1024

[file_manager]
queue_gcode_uploads = False
enable_object_processing = False

[database]

[data_store]
temperature_store_size = 600
gcode_store_size = 1000

[machine]
provider = none
validate_service = False
validate_config = False

[authorization]
force_logins = False
cors_domains = 
	*.local
	*.lan
	*://app.fluidd.xyz
trusted_clients = 
	10.0.0.0/8
	127.0.0.0/8
	169.254.0.0/16
	172.16.0.0/12
	192.168.0.0/16
	FE80::/10
	::1/128

[octoprint_compat]

[history]

[update_manager]
enable_auto_refresh = True
refresh_interval = 24
enable_system_updates = False

#################################################################
All Configuration Files:
/usr/data/printer_data/config/moonraker.conf
#################################################################
2020-03-01 20:00:22,046 [app.py:register_local_handler()] - Registering HTTP Endpoint: (POST) /server/logs/rollover
2020-03-01 20:00:22,051 [websockets.py:register_api_handler()] - Registering Websocket JSON-RPC methods: server.logs.rollover
2020-03-01 20:00:22,054 [app.py:register_local_handler()] - Registering HTTP Endpoint: (GET) /server/info
2020-03-01 20:00:22,058 [websockets.py:register_api_handler()] - Registering Websocket JSON-RPC methods: server.info
2020-03-01 20:00:22,060 [app.py:register_local_handler()] - Registering HTTP Endpoint: (GET) /server/config
2020-03-01 20:00:22,063 [websockets.py:register_api_handler()] - Registering Websocket JSON-RPC methods: server.config
2020-03-01 20:00:22,064 [app.py:register_local_handler()] - Registering HTTP Endpoint: (POST) /server/restart
2020-03-01 20:00:22,066 [websockets.py:register_api_handler()] - Registering Websocket JSON-RPC methods: server.restart
2020-03-01 20:00:23,299 [server.py:load_component()] - Component (dbus_manager) loaded
2020-03-01 20:00:23,511 [server.py:add_log_rollover_item()] - Unsafe Shutdown Count: 8
2020-03-01 20:00:23,520 [app.py:register_local_handler()] - Registering HTTP Endpoint: (GET) /server/database/list
2020-03-01 20:00:23,523 [websockets.py:register_api_handler()] - Registering Websocket JSON-RPC methods: server.database.list
2020-03-01 20:00:23,524 [app.py:register_local_handler()] - Registering HTTP Endpoint: (GET POST DELETE) /server/database/item
2020-03-01 20:00:23,539 [websockets.py:register_api_handler()] - Registering Websocket JSON-RPC methods: server.database.get_item, server.database.post_item, server.database.delete_item
2020-03-01 20:00:23,540 [server.py:load_component()] - Component (database) loaded
2020-03-01 20:00:23,806 [file_manager.py:__init__()] - Using File System Observer: inotify
2020-03-01 20:00:23,850 [app.py:register_local_handler()] - Registering HTTP Endpoint: (GET) /server/files/list
2020-03-01 20:00:23,856 [websockets.py:register_api_handler()] - Registering Websocket JSON-RPC methods: server.files.list
2020-03-01 20:00:23,858 [app.py:register_local_handler()] - Registering HTTP Endpoint: (GET) /server/files/metadata
2020-03-01 20:00:23,863 [websockets.py:register_api_handler()] - Registering Websocket JSON-RPC methods: server.files.metadata
2020-03-01 20:00:23,864 [app.py:register_local_handler()] - Registering HTTP Endpoint: (POST) /server/files/metascan
2020-03-01 20:00:23,870 [websockets.py:register_api_handler()] - Registering Websocket JSON-RPC methods: server.files.metascan
2020-03-01 20:00:23,871 [app.py:register_local_handler()] - Registering HTTP Endpoint: (GET) /server/files/thumbnails
2020-03-01 20:00:23,878 [websockets.py:register_api_handler()] - Registering Websocket JSON-RPC methods: server.files.thumbnails
2020-03-01 20:00:23,879 [app.py:register_local_handler()] - Registering HTTP Endpoint: (GET) /server/files/roots
2020-03-01 20:00:23,885 [websockets.py:register_api_handler()] - Registering Websocket JSON-RPC methods: server.files.roots
2020-03-01 20:00:23,886 [app.py:register_local_handler()] - Registering HTTP Endpoint: (GET POST DELETE) /server/files/directory
2020-03-01 20:00:23,891 [websockets.py:register_api_handler()] - Registering Websocket JSON-RPC methods: server.files.get_directory, server.files.post_directory, server.files.delete_directory
2020-03-01 20:00:23,892 [app.py:register_local_handler()] - Registering HTTP Endpoint: (POST) /server/files/move
2020-03-01 20:00:23,895 [websockets.py:register_api_handler()] - Registering Websocket JSON-RPC methods: server.files.move
2020-03-01 20:00:23,902 [app.py:register_local_handler()] - Registering HTTP Endpoint: (POST) /server/files/copy
2020-03-01 20:00:23,905 [websockets.py:register_api_handler()] - Registering Websocket JSON-RPC methods: server.files.copy
2020-03-01 20:00:23,906 [app.py:register_local_handler()] - Registering HTTP Endpoint: (POST) /server/files/zip
2020-03-01 20:00:23,916 [websockets.py:register_api_handler()] - Registering Websocket JSON-RPC methods: server.files.zip
2020-03-01 20:00:23,917 [websockets.py:register_api_handler()] - Registering Websocket JSON-RPC methods: server.files.delete_file
2020-03-01 20:00:23,952 [server.py:load_component()] - Component (file_manager) loaded
2020-03-01 20:00:23,964 [app.py:register_local_handler()] - Registering HTTP Endpoint: (POST) /printer/print/pause
2020-03-01 20:00:23,970 [websockets.py:register_api_handler()] - Registering Websocket JSON-RPC methods: printer.print.pause
2020-03-01 20:00:23,970 [app.py:register_local_handler()] - Registering HTTP Endpoint: (POST) /printer/print/resume
2020-03-01 20:00:23,973 [websockets.py:register_api_handler()] - Registering Websocket JSON-RPC methods: printer.print.resume
2020-03-01 20:00:23,976 [app.py:register_local_handler()] - Registering HTTP Endpoint: (POST) /printer/print/cancel
2020-03-01 20:00:23,979 [websockets.py:register_api_handler()] - Registering Websocket JSON-RPC methods: printer.print.cancel
2020-03-01 20:00:23,980 [app.py:register_local_handler()] - Registering HTTP Endpoint: (POST) /printer/print/start
2020-03-01 20:00:23,985 [websockets.py:register_api_handler()] - Registering Websocket JSON-RPC methods: printer.print.start
2020-03-01 20:00:23,987 [app.py:register_local_handler()] - Registering HTTP Endpoint: (POST) /printer/restart
2020-03-01 20:00:23,991 [websockets.py:register_api_handler()] - Registering Websocket JSON-RPC methods: printer.restart
2020-03-01 20:00:23,991 [app.py:register_local_handler()] - Registering HTTP Endpoint: (POST) /printer/firmware_restart
2020-03-01 20:00:23,994 [websockets.py:register_api_handler()] - Registering Websocket JSON-RPC methods: printer.firmware_restart
2020-03-01 20:00:23,994 [server.py:load_component()] - Component (klippy_apis) loaded
2020-03-01 20:00:24,160 [server.py:load_component()] - Component (secrets) loaded
2020-03-01 20:00:24,218 [server.py:load_component()] - Component (template) loaded
2020-03-01 20:00:24,271 [server.py:add_log_rollover_item()] - 
System Info:

***python***
  version: (3, 8, 2, 'final', 0)
  version_string: 3.8.2 (default, Sep 18 2023, 20:57:11)  [GCC 7.2.0]

***cpu_info***
  cpu_count: 2
  bits: 32bit
  processor: mips
  cpu_desc: 
  serial_number: 
  hardware_desc: 
  model: 
  total_memory: 201760
  memory_units: kB

***sd_info***
  manufacturer_id: 45
  manufacturer: Unknown
  oem_id: 0100
  product_name: DG400
  product_revision: 3.8
  serial_number: 0115f0cf
  manufacturer_date: 10/2167
  capacity: Unknown
  total_bytes: 0

***distribution***
  name: Buildroot 2020.02.1
  id: buildroot
  version: 2020.02.1
  version_parts: {'major': '2020', 'minor': '02', 'build_number': '1'}
  like: 
  codename: 
  release_info: {}

***virtualization***
  virt_type: none
  virt_identifier: none

***network***

***canbus***

***Allowed Services***
  klipper_mcu
  webcamd
  MoonCord
  KlipperScreen
  moonraker-telegram-bot
  moonraker-obico
  sonar
  crowsnest
  octoeverywhere
  ratos-configurator
2020-03-01 20:00:24,284 [server.py:load_component()] - Component (shell_command) loaded
2020-03-01 20:00:24,284 [machine.py:__init__()] - Using System Provider: none
2020-03-01 20:00:24,289 [app.py:register_local_handler()] - Registering HTTP Endpoint: (POST) /machine/reboot
2020-03-01 20:00:24,293 [websockets.py:register_api_handler()] - Registering Websocket JSON-RPC methods: machine.reboot
2020-03-01 20:00:24,294 [app.py:register_local_handler()] - Registering HTTP Endpoint: (POST) /machine/shutdown
2020-03-01 20:00:24,298 [websockets.py:register_api_handler()] - Registering Websocket JSON-RPC methods: machine.shutdown
2020-03-01 20:00:24,299 [app.py:register_local_handler()] - Registering HTTP Endpoint: (POST) /machine/services/restart
2020-03-01 20:00:24,303 [websockets.py:register_api_handler()] - Registering Websocket JSON-RPC methods: machine.services.restart
2020-03-01 20:00:24,303 [app.py:register_local_handler()] - Registering HTTP Endpoint: (POST) /machine/services/stop
2020-03-01 20:00:24,307 [websockets.py:register_api_handler()] - Registering Websocket JSON-RPC methods: machine.services.stop
2020-03-01 20:00:24,308 [app.py:register_local_handler()] - Registering HTTP Endpoint: (POST) /machine/services/start
2020-03-01 20:00:24,311 [websockets.py:register_api_handler()] - Registering Websocket JSON-RPC methods: machine.services.start
2020-03-01 20:00:24,313 [app.py:register_local_handler()] - Registering HTTP Endpoint: (GET) /machine/system_info
2020-03-01 20:00:24,316 [websockets.py:register_api_handler()] - Registering Websocket JSON-RPC methods: machine.system_info
2020-03-01 20:00:24,316 [app.py:register_local_handler()] - Registering HTTP Endpoint: (GET) /machine/sudo/info
2020-03-01 20:00:24,320 [websockets.py:register_api_handler()] - Registering Websocket JSON-RPC methods: machine.sudo.info
2020-03-01 20:00:24,321 [app.py:register_local_handler()] - Registering HTTP Endpoint: (POST) /machine/sudo/password
2020-03-01 20:00:24,323 [websockets.py:register_api_handler()] - Registering Websocket JSON-RPC methods: machine.sudo.password
2020-03-01 20:00:24,331 [server.py:load_component()] - Component (machine) loaded
2020-03-01 20:00:24,343 [app.py:register_local_handler()] - Registering HTTP Endpoint: (GET) /server/temperature_store
2020-03-01 20:00:24,347 [websockets.py:register_api_handler()] - Registering Websocket JSON-RPC methods: server.temperature_store
2020-03-01 20:00:24,348 [app.py:register_local_handler()] - Registering HTTP Endpoint: (GET) /server/gcode_store
2020-03-01 20:00:24,351 [websockets.py:register_api_handler()] - Registering Websocket JSON-RPC methods: server.gcode_store
2020-03-01 20:00:24,351 [server.py:load_component()] - Component (data_store) loaded
2020-03-01 20:00:24,389 [proc_stats.py:__init__()] - Unable to find 'vcgencmd', throttle checking disabled
2020-03-01 20:00:24,392 [app.py:register_local_handler()] - Registering HTTP Endpoint: (GET) /machine/proc_stats
2020-03-01 20:00:24,396 [websockets.py:register_api_handler()] - Registering Websocket JSON-RPC methods: machine.proc_stats
2020-03-01 20:00:24,398 [server.py:load_component()] - Component (proc_stats) loaded
2020-03-01 20:00:24,411 [server.py:load_component()] - Component (job_state) loaded
2020-03-01 20:00:24,426 [app.py:register_local_handler()] - Registering HTTP Endpoint: (POST DELETE) /server/job_queue/job
2020-03-01 20:00:24,429 [websockets.py:register_api_handler()] - Registering Websocket JSON-RPC methods: server.job_queue.post_job, server.job_queue.delete_job
2020-03-01 20:00:24,430 [app.py:register_local_handler()] - Registering HTTP Endpoint: (POST) /server/job_queue/pause
2020-03-01 20:00:24,436 [websockets.py:register_api_handler()] - Registering Websocket JSON-RPC methods: server.job_queue.pause
2020-03-01 20:00:24,437 [app.py:register_local_handler()] - Registering HTTP Endpoint: (POST) /server/job_queue/start
2020-03-01 20:00:24,439 [websockets.py:register_api_handler()] - Registering Websocket JSON-RPC methods: server.job_queue.start
2020-03-01 20:00:24,441 [app.py:register_local_handler()] - Registering HTTP Endpoint: (GET) /server/job_queue/status
2020-03-01 20:00:24,444 [websockets.py:register_api_handler()] - Registering Websocket JSON-RPC methods: server.job_queue.status
2020-03-01 20:00:24,444 [app.py:register_local_handler()] - Registering HTTP Endpoint: (POST) /server/job_queue/jump
2020-03-01 20:00:24,446 [websockets.py:register_api_handler()] - Registering Websocket JSON-RPC methods: server.job_queue.jump
2023-11-29 02:12:24,171 [server.py:load_component()] - Component (job_queue) loaded
2023-11-29 02:12:24,213 [server.py:load_component()] - Component (http_client) loaded
2023-11-29 02:12:24,237 [app.py:register_local_handler()] - Registering HTTP Endpoint: (GET) /server/announcements/list
2023-11-29 02:12:24,242 [websockets.py:register_api_handler()] - Registering Websocket JSON-RPC methods: server.announcements.list
2023-11-29 02:12:24,243 [app.py:register_local_handler()] - Registering HTTP Endpoint: (POST) /server/announcements/dismiss
2023-11-29 02:12:24,249 [websockets.py:register_api_handler()] - Registering Websocket JSON-RPC methods: server.announcements.dismiss
2023-11-29 02:12:24,249 [app.py:register_local_handler()] - Registering HTTP Endpoint: (POST) /server/announcements/update
2023-11-29 02:12:24,253 [websockets.py:register_api_handler()] - Registering Websocket JSON-RPC methods: server.announcements.update
2023-11-29 02:12:24,254 [app.py:register_local_handler()] - Registering HTTP Endpoint: (POST DELETE) /server/announcements/feed
2023-11-29 02:12:24,257 [websockets.py:register_api_handler()] - Registering Websocket JSON-RPC methods: server.announcements.post_feed, server.announcements.delete_feed
2023-11-29 02:12:24,257 [app.py:register_local_handler()] - Registering HTTP Endpoint: (GET) /server/announcements/feeds
2023-11-29 02:12:24,261 [websockets.py:register_api_handler()] - Registering Websocket JSON-RPC methods: server.announcements.feeds
2023-11-29 02:12:24,262 [server.py:load_component()] - Component (announcements) loaded
2023-11-29 02:12:24,273 [app.py:register_local_handler()] - Registering HTTP Endpoint: (GET) /server/webcams/list
2023-11-29 02:12:24,278 [websockets.py:register_api_handler()] - Registering Websocket JSON-RPC methods: server.webcams.list
2023-11-29 02:12:24,279 [app.py:register_local_handler()] - Registering HTTP Endpoint: (GET POST DELETE) /server/webcams/item
2023-11-29 02:12:24,281 [websockets.py:register_api_handler()] - Registering Websocket JSON-RPC methods: server.webcams.get_item, server.webcams.post_item, server.webcams.delete_item
2023-11-29 02:12:24,281 [app.py:register_local_handler()] - Registering HTTP Endpoint: (POST) /server/webcams/test
2023-11-29 02:12:24,285 [websockets.py:register_api_handler()] - Registering Websocket JSON-RPC methods: server.webcams.test
2023-11-29 02:12:24,288 [server.py:load_component()] - Component (webcam) loaded
2023-11-29 02:12:24,315 [websockets.py:register_api_handler()] - Registering Websocket JSON-RPC methods: connection.register_remote_method
2023-11-29 02:12:24,315 [websockets.py:register_api_handler()] - Registering Websocket JSON-RPC methods: connection.send_event
2023-11-29 02:12:24,316 [app.py:register_local_handler()] - Registering HTTP Endpoint: (GET) /server/extensions/list
2023-11-29 02:12:24,319 [websockets.py:register_api_handler()] - Registering Websocket JSON-RPC methods: server.extensions.list
2023-11-29 02:12:24,322 [app.py:register_local_handler()] - Registering HTTP Endpoint: (POST) /server/extensions/request
2023-11-29 02:12:24,326 [websockets.py:register_api_handler()] - Registering Websocket JSON-RPC methods: server.extensions.request
2023-11-29 02:12:24,329 [server.py:load_component()] - Component (extensions) loaded
2023-11-29 02:12:24,525 [authorization.py:__init__()] - Authorization Configuration Loaded
Trusted Clients:
10.0.0.0/8
127.0.0.0/8
169.254.0.0/16
172.16.0.0/12
192.168.0.0/16
fe80::/10
::1/128
CORS Domains:
.*\.local
.*\.lan
.*://app\.fluidd\.xyz
2023-11-29 02:12:24,526 [app.py:register_local_handler()] - Registering HTTP Endpoint: (POST) /access/login
2023-11-29 02:12:24,528 [websockets.py:register_api_handler()] - Registering Websocket JSON-RPC methods: access.login
2023-11-29 02:12:24,529 [app.py:register_local_handler()] - Registering HTTP Endpoint: (POST) /access/logout
2023-11-29 02:12:24,533 [websockets.py:register_api_handler()] - Registering Websocket JSON-RPC methods: access.logout
2023-11-29 02:12:24,534 [app.py:register_local_handler()] - Registering HTTP Endpoint: (POST) /access/refresh_jwt
2023-11-29 02:12:24,537 [websockets.py:register_api_handler()] - Registering Websocket JSON-RPC methods: access.refresh_jwt
2023-11-29 02:12:24,537 [app.py:register_local_handler()] - Registering HTTP Endpoint: (GET POST DELETE) /access/user
2023-11-29 02:12:24,539 [websockets.py:register_api_handler()] - Registering Websocket JSON-RPC methods: access.get_user, access.post_user, access.delete_user
2023-11-29 02:12:24,542 [app.py:register_local_handler()] - Registering HTTP Endpoint: (GET) /access/users/list
2023-11-29 02:12:24,546 [websockets.py:register_api_handler()] - Registering Websocket JSON-RPC methods: access.users.list
2023-11-29 02:12:24,546 [app.py:register_local_handler()] - Registering HTTP Endpoint: (POST) /access/user/password
2023-11-29 02:12:24,550 [websockets.py:register_api_handler()] - Registering Websocket JSON-RPC methods: access.user.password
2023-11-29 02:12:24,551 [app.py:register_local_handler()] - Registering HTTP Endpoint: (GET POST) /access/api_key
2023-11-29 02:12:24,553 [websockets.py:register_api_handler()] - Registering Websocket JSON-RPC methods: access.get_api_key, access.post_api_key
2023-11-29 02:12:24,553 [app.py:register_local_handler()] - Registering HTTP Endpoint: (GET) /access/oneshot_token
2023-11-29 02:12:24,557 [websockets.py:register_api_handler()] - Registering Websocket JSON-RPC methods: access.oneshot_token
2023-11-29 02:12:24,558 [app.py:register_local_handler()] - Registering HTTP Endpoint: (GET) /access/info
2023-11-29 02:12:24,559 [websockets.py:register_api_handler()] - Registering Websocket JSON-RPC methods: access.info
2023-11-29 02:12:24,561 [server.py:load_component()] - Component (authorization) loaded
2023-11-29 02:12:24,571 [app.py:register_local_handler()] - Registering HTTP Endpoint: (GET) /api/version
2023-11-29 02:12:24,576 [app.py:register_local_handler()] - Registering HTTP Endpoint: (GET) /api/server
2023-11-29 02:12:24,578 [app.py:register_local_handler()] - Registering HTTP Endpoint: (POST) /api/login
2023-11-29 02:12:24,580 [app.py:register_local_handler()] - Registering HTTP Endpoint: (GET) /api/currentuser
2023-11-29 02:12:24,583 [app.py:register_local_handler()] - Registering HTTP Endpoint: (GET) /api/settings
2023-11-29 02:12:24,585 [app.py:register_local_handler()] - Registering HTTP Endpoint: (GET) /api/job
2023-11-29 02:12:24,587 [app.py:register_local_handler()] - Registering HTTP Endpoint: (GET) /api/printer
2023-11-29 02:12:24,590 [app.py:register_local_handler()] - Registering HTTP Endpoint: (POST) /api/printer/command
2023-11-29 02:12:24,593 [app.py:register_local_handler()] - Registering HTTP Endpoint: (GET) /api/printerprofiles
2023-11-29 02:12:24,599 [app.py:register_local_handler()] - Registering HTTP Endpoint: (POST) /api/files/moonraker/(?P<relative_path>.+)
2023-11-29 02:12:24,606 [server.py:load_component()] - Component (octoprint_compat) loaded
2023-11-29 02:12:24,621 [app.py:register_local_handler()] - Registering HTTP Endpoint: (GET DELETE) /server/history/job
2023-11-29 02:12:24,624 [websockets.py:register_api_handler()] - Registering Websocket JSON-RPC methods: server.history.get_job, server.history.delete_job
2023-11-29 02:12:24,625 [app.py:register_local_handler()] - Registering HTTP Endpoint: (GET) /server/history/list
2023-11-29 02:12:24,637 [websockets.py:register_api_handler()] - Registering Websocket JSON-RPC methods: server.history.list
2023-11-29 02:12:24,638 [app.py:register_local_handler()] - Registering HTTP Endpoint: (GET) /server/history/totals
2023-11-29 02:12:24,646 [websockets.py:register_api_handler()] - Registering Websocket JSON-RPC methods: server.history.totals
2023-11-29 02:12:24,647 [app.py:register_local_handler()] - Registering HTTP Endpoint: (POST) /server/history/reset_totals
2023-11-29 02:12:24,653 [websockets.py:register_api_handler()] - Registering Websocket JSON-RPC methods: server.history.reset_totals
2023-11-29 02:12:24,655 [server.py:load_component()] - Component (history) loaded
2023-11-29 02:12:25,035 [base_deploy.py:log_info()] - Git Repo moonraker: Detected virtualenv: /usr/data/moonraker/moonraker-env
2023-11-29 02:12:25,048 [app.py:register_local_handler()] - Registering HTTP Endpoint: (POST) /machine/update/moonraker
2023-11-29 02:12:25,050 [websockets.py:register_api_handler()] - Registering Websocket JSON-RPC methods: machine.update.moonraker
2023-11-29 02:12:25,051 [app.py:register_local_handler()] - Registering HTTP Endpoint: (POST) /machine/update/klipper
2023-11-29 02:12:25,053 [websockets.py:register_api_handler()] - Registering Websocket JSON-RPC methods: machine.update.klipper
2023-11-29 02:12:25,055 [app.py:register_local_handler()] - Registering HTTP Endpoint: (POST) /machine/update/system
2023-11-29 02:12:25,057 [websockets.py:register_api_handler()] - Registering Websocket JSON-RPC methods: machine.update.system
2023-11-29 02:12:25,058 [app.py:register_local_handler()] - Registering HTTP Endpoint: (POST) /machine/update/client
2023-11-29 02:12:25,060 [websockets.py:register_api_handler()] - Registering Websocket JSON-RPC methods: machine.update.client
2023-11-29 02:12:25,062 [app.py:register_local_handler()] - Registering HTTP Endpoint: (POST) /machine/update/full
2023-11-29 02:12:25,064 [websockets.py:register_api_handler()] - Registering Websocket JSON-RPC methods: machine.update.full
2023-11-29 02:12:25,065 [app.py:register_local_handler()] - Registering HTTP Endpoint: (GET) /machine/update/status
2023-11-29 02:12:25,067 [websockets.py:register_api_handler()] - Registering Websocket JSON-RPC methods: machine.update.status
2023-11-29 02:12:25,069 [app.py:register_local_handler()] - Registering HTTP Endpoint: (POST) /machine/update/refresh
2023-11-29 02:12:25,071 [websockets.py:register_api_handler()] - Registering Websocket JSON-RPC methods: machine.update.refresh
2023-11-29 02:12:25,073 [app.py:register_local_handler()] - Registering HTTP Endpoint: (POST) /machine/update/recover
2023-11-29 02:12:25,079 [websockets.py:register_api_handler()] - Registering Websocket JSON-RPC methods: machine.update.recover
2023-11-29 02:12:25,080 [app.py:register_local_handler()] - Registering HTTP Endpoint: (POST) /machine/update/rollback
2023-11-29 02:12:25,084 [websockets.py:register_api_handler()] - Registering Websocket JSON-RPC methods: machine.update.rollback
2023-11-29 02:12:25,085 [server.py:load_component()] - Component (update_manager) loaded
2023-11-29 02:12:25,193 [server.py:_initialize_component()] - Performing Component Post Init: [dbus_manager]
2023-11-29 02:12:25,251 [dbus_manager.py:component_init()] - Failed to get PolKit interface: The name org.freedesktop.PolicyKit1 was not provided by any .service files
2023-11-29 02:12:25,251 [server.py:_initialize_component()] - Performing Component Post Init: [file_manager]
2023-11-29 02:12:25,328 [server.py:_initialize_component()] - Performing Component Post Init: [machine]
2023-11-29 02:12:25,330 [machine.py:validation_init()] - Installation version in database up to date
2023-11-29 02:12:25,381 [machine.py:_find_public_ip()] - Detected Local IP: 192.168.0.110
2023-11-29 02:12:25,384 [server.py:_initialize_component()] - Performing Component Post Init: [proc_stats]
2023-11-29 02:12:25,386 [server.py:_initialize_component()] - Performing Component Post Init: [announcements]
2023-11-29 02:12:25,391 [server.py:_initialize_component()] - Performing Component Post Init: [webcam]
2023-11-29 02:12:25,393 [webcam.py:_set_default_host_ip()] - Default public webcam address set: http://192.168.0.110
2023-11-29 02:12:25,397 [webcam.py:_set_default_host_ip()] - Default public webcam address set: http://192.168.0.110
2023-11-29 02:12:25,398 [server.py:_initialize_component()] - Performing Component Post Init: [klippy_connection]
2023-11-29 02:12:25,401 [server.py:_initialize_component()] - Performing Component Post Init: [authorization]
2023-11-29 02:12:25,402 [server.py:_initialize_component()] - Performing Component Post Init: [update_manager]
2023-11-29 02:12:25,506 [git_deploy.py:log_repo_info()] - Git Repo moonraker Detected:
Owner: Arksine
Repository Name: moonraker
Path: /usr/data/moonraker/moonraker
Remote: origin
Branch: master
Remote URL: https://github.com/Arksine/moonraker.git
Recovery URL: https://github.com/Arksine/moonraker.git
Current Commit SHA: fb15b2a3de1ac203a8bf2a700b08c649d23cd4a0
Upstream Commit SHA: fb15b2a3de1ac203a8bf2a700b08c649d23cd4a0
Current Version: v0.8.0-204-gfb15b2a3
Upstream Version: v0.8.0-204-gfb15b2a3
Rollback Commit: fb15b2a3de1ac203a8bf2a700b08c649d23cd4a0
Rollback Branch: master
Rollback Version: v0.8.0-204-gfb15b2a3
Is Dirty: False
Is Detached: False
Is Shallow: False
Commits Behind Count: 0
Diverged: False
2023-11-29 02:12:25,537 [base_deploy.py:log_info()] - Git Repo moonraker: Next refresh in: 23 Hours, 28 Minutes, 32 Seconds
2023-11-29 02:12:25,558 [extensions.py:start_unix_server()] - Creating Unix Domain Socket at '/usr/data/printer_data/comms/moonraker.sock'
2023-11-29 02:12:25,569 [server.py:start_server()] - Starting Moonraker on (0.0.0.0, 7125), Hostname: K1Max-96D0
2023-11-29 02:12:25,575 [app.py:listen()] - SSL Certificate/Key not configured, aborting HTTPS Server startup
2023-11-29 02:12:25,841 [klippy_connection.py:_do_connect()] - Klippy Connection Established
2023-11-29 02:12:26,638 [server.py:add_log_rollover_item()] - Klipper Version: 09faed31-dirty
2023-11-29 02:12:26,718 [app.py:register_remote_handler()] - Registering HTTP endpoint: (GET POST) /printer/info
2023-11-29 02:12:26,721 [websockets.py:register_api_handler()] - Registering Websocket JSON-RPC methods: printer.info
2023-11-29 02:12:26,726 [app.py:register_remote_handler()] - Registering HTTP endpoint: (GET POST) /printer/emergency_stop
2023-11-29 02:12:26,734 [websockets.py:register_api_handler()] - Registering Websocket JSON-RPC methods: printer.emergency_stop
2023-11-29 02:12:26,736 [app.py:register_remote_handler()] - Registering HTTP endpoint: (GET POST) /printer/gcode/help
2023-11-29 02:12:26,742 [websockets.py:register_api_handler()] - Registering Websocket JSON-RPC methods: printer.gcode.help
2023-11-29 02:12:26,743 [app.py:register_remote_handler()] - Registering HTTP endpoint: (GET POST) /printer/gcode/script
2023-11-29 02:12:26,755 [websockets.py:register_api_handler()] - Registering Websocket JSON-RPC methods: printer.gcode.script
2023-11-29 02:12:26,757 [app.py:register_remote_handler()] - Registering HTTP endpoint: (GET POST) /printer/gcode/restart
2023-11-29 02:12:26,779 [websockets.py:register_api_handler()] - Registering Websocket JSON-RPC methods: printer.gcode.restart
2023-11-29 02:12:26,780 [app.py:register_remote_handler()] - Registering HTTP endpoint: (GET POST) /printer/gcode/firmware_restart
2023-11-29 02:12:26,783 [websockets.py:register_api_handler()] - Registering Websocket JSON-RPC methods: printer.gcode.firmware_restart
2023-11-29 02:12:26,785 [app.py:register_remote_handler()] - Registering HTTP endpoint: (GET POST) /printer/objects/list
2023-11-29 02:12:26,794 [websockets.py:register_api_handler()] - Registering Websocket JSON-RPC methods: printer.objects.list
2023-11-29 02:12:26,795 [app.py:register_remote_handler()] - Registering HTTP endpoint: (GET POST) /printer/objects/query
2023-11-29 02:12:26,800 [websockets.py:register_api_handler()] - Registering Websocket JSON-RPC methods: printer.objects.query
2023-11-29 02:12:26,800 [app.py:register_remote_handler()] - Registering HTTP endpoint: (GET POST) /printer/objects/subscribe
2023-11-29 02:12:26,803 [websockets.py:register_api_handler()] - Registering Websocket JSON-RPC methods: printer.objects.subscribe
2023-11-29 02:12:26,804 [app.py:register_remote_handler()] - Registering HTTP endpoint: (GET POST) /printer/get_cx_fan_status
2023-11-29 02:12:26,824 [websockets.py:register_api_handler()] - Registering Websocket JSON-RPC methods: printer.get_cx_fan_status
2023-11-29 02:12:26,830 [app.py:register_remote_handler()] - Registering HTTP endpoint: (GET POST) /printer/breakheater
2023-11-29 02:12:26,842 [websockets.py:register_api_handler()] - Registering Websocket JSON-RPC methods: printer.breakheater
2023-11-29 02:12:26,844 [app.py:register_remote_handler()] - Registering HTTP endpoint: (GET POST) /printer/pause_resume/cancel_continue_print
2023-11-29 02:12:26,852 [websockets.py:register_api_handler()] - Registering Websocket JSON-RPC methods: printer.pause_resume.cancel_continue_print
2023-11-29 02:12:26,856 [app.py:register_remote_handler()] - Registering HTTP endpoint: (GET POST) /printer/pause_resume/check_continue_print_state
2023-11-29 02:12:26,865 [websockets.py:register_api_handler()] - Registering Websocket JSON-RPC methods: printer.pause_resume.check_continue_print_state
2023-11-29 02:12:26,866 [app.py:register_remote_handler()] - Registering HTTP endpoint: (GET POST) /printer/pause_resume/set_print_first_layer
2023-11-29 02:12:26,870 [websockets.py:register_api_handler()] - Registering Websocket JSON-RPC methods: printer.pause_resume.set_print_first_layer
2023-11-29 02:12:26,873 [app.py:register_remote_handler()] - Registering HTTP endpoint: (GET POST) /printer/pause_resume/cancel
2023-11-29 02:12:26,907 [websockets.py:register_api_handler()] - Registering Websocket JSON-RPC methods: printer.pause_resume.cancel
2023-11-29 02:12:26,914 [app.py:register_remote_handler()] - Registering HTTP endpoint: (GET POST) /printer/pause_resume/pause
2023-11-29 02:12:26,928 [websockets.py:register_api_handler()] - Registering Websocket JSON-RPC methods: printer.pause_resume.pause
2023-11-29 02:12:26,930 [app.py:register_remote_handler()] - Registering HTTP endpoint: (GET POST) /printer/pause_resume/resume
2023-11-29 02:12:26,938 [websockets.py:register_api_handler()] - Registering Websocket JSON-RPC methods: printer.pause_resume.resume
2023-11-29 02:12:26,939 [app.py:register_remote_handler()] - Registering HTTP endpoint: (GET POST) /printer/getBootLoaderVersion
2023-11-29 02:12:26,963 [websockets.py:register_api_handler()] - Registering Websocket JSON-RPC methods: printer.getBootLoaderVersion
2023-11-29 02:12:26,966 [app.py:register_remote_handler()] - Registering HTTP endpoint: (GET POST) /printer/getAdxl345Status
2023-11-29 02:12:26,984 [websockets.py:register_api_handler()] - Registering Websocket JSON-RPC methods: printer.getAdxl345Status
2023-11-29 02:12:26,996 [app.py:register_remote_handler()] - Registering HTTP endpoint: (GET POST) /printer/adxl345/dump_adxl345
2023-11-29 02:12:27,004 [websockets.py:register_api_handler()] - Registering Websocket JSON-RPC methods: printer.adxl345.dump_adxl345
2023-11-29 02:12:27,009 [app.py:register_remote_handler()] - Registering HTTP endpoint: (GET POST) /printer/motion_report/dump_stepper
2023-11-29 02:12:27,030 [websockets.py:register_api_handler()] - Registering Websocket JSON-RPC methods: printer.motion_report.dump_stepper
2023-11-29 02:12:27,033 [app.py:register_remote_handler()] - Registering HTTP endpoint: (GET POST) /printer/query_endstops/status
2023-11-29 02:12:27,046 [websockets.py:register_api_handler()] - Registering Websocket JSON-RPC methods: printer.query_endstops.status
2023-11-29 02:12:31,613 [klippy_connection.py:_request_initial_subscriptions()] - Webhooks Subscribed
2023-11-29 02:12:31,626 [klippy_connection.py:_request_initial_subscriptions()] - GCode Output Subscribed
2023-11-29 02:12:31,645 [app.py:register_remote_handler()] - Registering HTTP endpoint: (GET POST) /printer/motion_report/dump_trapq
2023-11-29 02:12:31,650 [websockets.py:register_api_handler()] - Registering Websocket JSON-RPC methods: printer.motion_report.dump_trapq
2023-11-29 02:12:31,864 [job_state.py:_handle_started()] - Job state initialized: standby
2023-11-29 02:12:32,174 [klippy_connection.py:_check_ready()] - Klippy ready
2023-11-29 02:12:32,613 [data_store.py:_init_sensors()] - Configuring available sensors: ['temperature_sensor mcu_temp', 'temperature_sensor chamber_temp', 'heater_bed', 'extruder']
2023-11-29 02:14:14,364 [authorization.py:_check_trusted_connection()] - Trusted Connection Detected, IP: 192.168.0.102
2023-11-29 02:14:14,547 [app.py:log_request()] - 101 GET /websocket?token=JLDLTORF5N4362XZ3IXVC6RXCOIY37KK (192.168.0.102) [_TRUSTED_USER_] 12.16ms
2023-11-29 02:14:14,549 [websockets.py:open()] - Websocket Opened: ID: 1765471376, Proxied: True, User Agent: Mozilla/5.0 (Macintosh; Intel Mac OS X 10.15; rv:120.0) Gecko/20100101 Firefox/120.0, Host Name: 192.168.0.110
2023-11-29 02:14:14,561 [websockets.py:_handle_identify()] - Websocket 1765471376 Client Identified - Name: fluidd, Version: 1.26.3-79daaf0, Type: web
2023-11-29 02:14:14,565 [file_manager.py:get_file_list()] - Updating File List <config>...
2023-11-29 02:14:26,996 [websockets.py:on_close()] - Websocket Closed: ID: 1765471376 Close Code: 1001, Close Reason: None, Pong Time Elapsed: 2.44
2023-11-29 02:26:14,170 [authorization.py:_check_trusted_connection()] - Trusted Connection Detected, IP: 192.168.0.106
2023-11-29 02:26:14,338 [app.py:log_request()] - 101 GET /websocket?token=QCYG56UICLJSVUOCAOE2COFGRAUGBUYS (192.168.0.106) [_TRUSTED_USER_] 8.68ms
2023-11-29 02:26:14,342 [websockets.py:open()] - Websocket Opened: ID: 1746643120, Proxied: True, User Agent: Mozilla/5.0 (Macintosh; Intel Mac OS X 10.15; rv:120.0) Gecko/20100101 Firefox/120.0, Host Name: 192.168.0.110
2023-11-29 02:26:14,361 [websockets.py:_handle_identify()] - Websocket 1746643120 Client Identified - Name: fluidd, Version: 1.26.3-79daaf0, Type: web
2023-11-29 02:26:14,366 [file_manager.py:get_file_list()] - Updating File List <config>...
2023-11-29 02:28:40,757 [websockets.py:on_close()] - Websocket Closed: ID: 1746643120 Close Code: 1001, Close Reason: None, Pong Time Elapsed: 6.41
2023-11-29 02:28:41,245 [app.py:log_request()] - 101 GET /websocket?token=CAP2SBILRK6VLHCMFS6IILOWXYIWMQQF (192.168.0.106) [_TRUSTED_USER_] 7.77ms
2023-11-29 02:28:41,247 [websockets.py:open()] - Websocket Opened: ID: 1746643048, Proxied: True, User Agent: Mozilla/5.0 (Macintosh; Intel Mac OS X 10.15; rv:120.0) Gecko/20100101 Firefox/120.0, Host Name: 192.168.0.110
2023-11-29 02:28:41,258 [websockets.py:_handle_identify()] - Websocket 1746643048 Client Identified - Name: fluidd, Version: 1.26.3-79daaf0, Type: web
2023-11-29 02:28:41,260 [file_manager.py:get_file_list()] - Updating File List <config>...
2023-11-29 03:13:02,223 [websockets.py:on_close()] - Websocket Closed: ID: 1746643048 Close Code: 1001, Close Reason: None, Pong Time Elapsed: 0.96
2023-11-29 03:17:25,429 [authorization.py:_prune_conn_handler()] - Trusted Connection Expired, IP: 192.168.0.102
2023-11-29 03:32:25,432 [authorization.py:_prune_conn_handler()] - Trusted Connection Expired, IP: 192.168.0.106
